[GIN-debug] [WARNING] Creating an Engine instance with the Logger and Recovery middleware already attached.

[GIN-debug] [WARNING] Running in "debug" mode. Switch to "release" mode in production.
 - using env:	export GIN_MODE=release
 - using code:	gin.SetMode(gin.ReleaseMode)

[GIN-debug] GET    /users/request-verification-code --> hiper-backend/api.ApiListenHttp.func1 (3 handlers)
[GIN-debug] GET    /users                    --> hiper-backend/api.ApiListenHttp.func2 (3 handlers)
[GIN-debug] [WARNING] You trusted all proxies, this is NOT safe. We recommend you to set a value.
Please check https://pkg.go.dev/github.com/gin-gonic/gin#readme-don-t-trust-all-proxies for details.
[GIN-debug] Listening and serving HTTP on :8080
[GIN-debug] [WARNING] Creating an Engine instance with the Logger and Recovery middleware already attached.

[GIN-debug] [WARNING] Running in "debug" mode. Switch to "release" mode in production.
 - using env:	export GIN_MODE=release
 - using code:	gin.SetMode(gin.ReleaseMode)

[GIN-debug] GET    /users/request-verification-code --> hiper-backend/api.ApiListenHttp.func1 (3 handlers)
[GIN-debug] GET    /users                    --> hiper-backend/api.ApiListenHttp.func2 (3 handlers)
[GIN-debug] [WARNING] You trusted all proxies, this is NOT safe. We recommend you to set a value.
Please check https://pkg.go.dev/github.com/gin-gonic/gin#readme-don-t-trust-all-proxies for details.
[GIN-debug] Listening and serving HTTP on :8080
[GIN] 2023/11/09 - 16:02:35 | 200 |    1.5125648s |             ::1 | GET      "/users/request-verification-code"
[GIN] 2023/11/09 - 16:05:11 | 500 |      3.5254ms |             ::1 | GET      "/users"
[GIN-debug] [WARNING] Creating an Engine instance with the Logger and Recovery middleware already attached.

[GIN-debug] [WARNING] Running in "debug" mode. Switch to "release" mode in production.
 - using env:	export GIN_MODE=release
 - using code:	gin.SetMode(gin.ReleaseMode)

[GIN-debug] GET    /users/request-verification-code --> hiper-backend/api.ApiListenHttp.func1 (3 handlers)
[GIN-debug] GET    /users                    --> hiper-backend/api.ApiListenHttp.func2 (3 handlers)
[GIN-debug] [WARNING] You trusted all proxies, this is NOT safe. We recommend you to set a value.
Please check https://pkg.go.dev/github.com/gin-gonic/gin#readme-don-t-trust-all-proxies for details.
[GIN-debug] Listening and serving HTTP on :8080
[GIN] 2023/11/09 - 16:10:43 | 500 |   15.3583332s |             ::1 | GET      "/users"
[GIN] 2023/11/09 - 16:11:33 | 500 |   40.2873541s |             ::1 | GET      "/users"
[GIN-debug] [WARNING] Creating an Engine instance with the Logger and Recovery middleware already attached.

[GIN-debug] [WARNING] Running in "debug" mode. Switch to "release" mode in production.
 - using env:	export GIN_MODE=release
 - using code:	gin.SetMode(gin.ReleaseMode)

[GIN-debug] GET    /users/request-verification-code --> hiper-backend/api.ApiListenHttp.func1 (3 handlers)
[GIN-debug] GET    /users                    --> hiper-backend/api.ApiListenHttp.func2 (3 handlers)
[GIN-debug] [WARNING] You trusted all proxies, this is NOT safe. We recommend you to set a value.
Please check https://pkg.go.dev/github.com/gin-gonic/gin#readme-don-t-trust-all-proxies for details.
[GIN-debug] Listening and serving HTTP on :8080
[GIN] 2023/11/09 - 16:13:28 | 422 |       581.5µs |             ::1 | GET      "/users"
[GIN] 2023/11/09 - 16:13:43 | 200 |    1.8567898s |             ::1 | GET      "/users/request-verification-code"
[GIN] 2023/11/09 - 16:14:34 | 422 |      1.5392ms |             ::1 | GET      "/users"
[GIN] 2023/11/09 - 16:14:40 | 200 |    1.4877114s |             ::1 | GET      "/users/request-verification-code"
[GIN-debug] [WARNING] Creating an Engine instance with the Logger and Recovery middleware already attached.

[GIN-debug] [WARNING] Running in "debug" mode. Switch to "release" mode in production.
 - using env:	export GIN_MODE=release
 - using code:	gin.SetMode(gin.ReleaseMode)

[GIN-debug] GET    /users/request-verification-code --> hiper-backend/api.ApiListenHttp.func1 (3 handlers)
[GIN-debug] GET    /users                    --> hiper-backend/api.ApiListenHttp.func2 (3 handlers)
[GIN-debug] [WARNING] You trusted all proxies, this is NOT safe. We recommend you to set a value.
Please check https://pkg.go.dev/github.com/gin-gonic/gin#readme-don-t-trust-all-proxies for details.
[GIN-debug] Listening and serving HTTP on :8080
[GIN] 2023/11/09 - 16:23:19 | 200 |    1.3510458s |             ::1 | GET      "/users/request-verification-code"
[GIN-debug] [WARNING] Creating an Engine instance with the Logger and Recovery middleware already attached.

[GIN-debug] [WARNING] Running in "debug" mode. Switch to "release" mode in production.
 - using env:	export GIN_MODE=release
 - using code:	gin.SetMode(gin.ReleaseMode)

[GIN-debug] GET    /users/request-verification-code --> hiper-backend/api.ApiListenHttp.func1 (3 handlers)
[GIN-debug] GET    /users                    --> hiper-backend/api.ApiListenHttp.func2 (3 handlers)
[GIN-debug] [WARNING] You trusted all proxies, this is NOT safe. We recommend you to set a value.
Please check https://pkg.go.dev/github.com/gin-gonic/gin#readme-don-t-trust-all-proxies for details.
[GIN-debug] Listening and serving HTTP on :8080
[GIN] 2023/11/09 - 16:24:43 | 200 |   18.5493737s |             ::1 | GET      "/users/request-verification-code"
[GIN] 2023/11/09 - 16:25:12 | 422 |      2.6002ms |             ::1 | GET      "/users"
[GIN-debug] [WARNING] Creating an Engine instance with the Logger and Recovery middleware already attached.

[GIN-debug] [WARNING] Running in "debug" mode. Switch to "release" mode in production.
 - using env:	export GIN_MODE=release
 - using code:	gin.SetMode(gin.ReleaseMode)

[GIN-debug] GET    /users/request-verification-code --> hiper-backend/api.ApiListenHttp.func1 (3 handlers)
[GIN-debug] GET    /users                    --> hiper-backend/api.ApiListenHttp.func2 (3 handlers)
[GIN-debug] [WARNING] You trusted all proxies, this is NOT safe. We recommend you to set a value.
Please check https://pkg.go.dev/github.com/gin-gonic/gin#readme-don-t-trust-all-proxies for details.
[GIN-debug] Listening and serving HTTP on :8080
[GIN] 2023/11/09 - 16:26:57 | 422 |      1.0573ms |             ::1 | GET      "/users"
[GIN] 2023/11/09 - 16:27:08 | 200 |    1.3617633s |             ::1 | GET      "/users/request-verification-code"
[GIN] 2023/11/09 - 16:27:31 | 200 |      4.1344ms |             ::1 | GET      "/users"
[GIN-debug] [WARNING] Creating an Engine instance with the Logger and Recovery middleware already attached.

[GIN-debug] [WARNING] Running in "debug" mode. Switch to "release" mode in production.
 - using env:	export GIN_MODE=release
 - using code:	gin.SetMode(gin.ReleaseMode)

[GIN-debug] POST   /users/request-verification-code --> hiper-backend/api.ApiListenHttp.func1 (3 handlers)
[GIN-debug] POST   /users                    --> hiper-backend/api.ApiListenHttp.func2 (3 handlers)
[GIN-debug] POST   /users/reset-email        --> hiper-backend/api.ApiListenHttp.func3 (3 handlers)
[GIN-debug] POST   /users/reset-password     --> hiper-backend/api.ApiListenHttp.func4 (3 handlers)
[GIN-debug] POST   /users/login              --> hiper-backend/api.ApiListenHttp.func5 (3 handlers)
[GIN-debug] [WARNING] You trusted all proxies, this is NOT safe. We recommend you to set a value.
Please check https://pkg.go.dev/github.com/gin-gonic/gin#readme-don-t-trust-all-proxies for details.
[GIN-debug] Listening and serving HTTP on :8080
[GIN-debug] [WARNING] Creating an Engine instance with the Logger and Recovery middleware already attached.

[GIN-debug] [WARNING] Running in "debug" mode. Switch to "release" mode in production.
 - using env:	export GIN_MODE=release
 - using code:	gin.SetMode(gin.ReleaseMode)

[GIN-debug] POST   /users/request-verification-code --> hiper-backend/api.ApiListenHttp.func1 (3 handlers)
[GIN-debug] POST   /users                    --> hiper-backend/api.ApiListenHttp.func2 (3 handlers)
[GIN-debug] POST   /users/reset-email        --> hiper-backend/api.ApiListenHttp.func3 (3 handlers)
[GIN-debug] POST   /users/reset-password     --> hiper-backend/api.ApiListenHttp.func4 (3 handlers)
[GIN-debug] POST   /users/login              --> hiper-backend/api.ApiListenHttp.func5 (3 handlers)
[GIN-debug] [WARNING] You trusted all proxies, this is NOT safe. We recommend you to set a value.
Please check https://pkg.go.dev/github.com/gin-gonic/gin#readme-don-t-trust-all-proxies for details.
[GIN-debug] Listening and serving HTTP on :8080
[GIN] 2023/11/09 - 17:18:37 | 200 |       977.6µs |       127.0.0.1 | POST     "/users/login"
[GIN-debug] [WARNING] Creating an Engine instance with the Logger and Recovery middleware already attached.

[GIN-debug] [WARNING] Running in "debug" mode. Switch to "release" mode in production.
 - using env:	export GIN_MODE=release
 - using code:	gin.SetMode(gin.ReleaseMode)

[GIN-debug] POST   /users/request-verification-code --> hiper-backend/api.ApiListenHttp.func1 (3 handlers)
[GIN-debug] POST   /users                    --> hiper-backend/api.ApiListenHttp.func2 (3 handlers)
[GIN-debug] POST   /users/reset-email        --> hiper-backend/api.ApiListenHttp.func3 (3 handlers)
[GIN-debug] POST   /users/reset-password     --> hiper-backend/api.ApiListenHttp.func4 (3 handlers)
[GIN-debug] POST   /users/login              --> hiper-backend/api.ApiListenHttp.func5 (3 handlers)
[GIN-debug] [WARNING] You trusted all proxies, this is NOT safe. We recommend you to set a value.
Please check https://pkg.go.dev/github.com/gin-gonic/gin#readme-don-t-trust-all-proxies for details.
[GIN-debug] Listening and serving HTTP on :8080
